Link not found: [[Inodes]] in file /mnt/data-1T/data/developpement-it/documentations/it/mk-docs/documentations_linux/docs_clone/03_PROJET/Informatique/Les-fichiers.md
Link not found: [[boot-devices]] in file /mnt/data-1T/data/developpement-it/documentations/it/mk-docs/documentations_linux/docs_clone/03_PROJET/Informatique/ordinateur/bios.md
Link not found: None in file /mnt/data-1T/data/developpement-it/documentations/it/mk-docs/documentations_linux/docs_clone/03_PROJET/Informatique/Les-fichiers.md
Link not found: None in file /mnt/data-1T/data/developpement-it/documentations/it/mk-docs/documentations_linux/docs_clone/03_PROJET/Informatique/ordinateur/bios.md
Link not found: None in file /mnt/data-1T/data/developpement-it/documentations/it/mk-docs/documentations_linux/docs_clone/03_PROJET/Informatique/ordinateur/IT-IO-Devices.md
Link not found: None in file /mnt/data-1T/data/developpement-it/documentations/it/mk-docs/documentations_linux/docs_clone/03_PROJET/Informatique/ordinateur/IT-IO-Devices.md
Link not found: None in file /mnt/data-1T/data/developpement-it/documentations/it/mk-docs/documentations_linux/docs_clone/03_PROJET/Informatique/ordinateur/IT-IO-Devices.md
Link not found: None in file /mnt/data-1T/data/developpement-it/documentations/it/mk-docs/documentations_linux/docs_clone/03_PROJET/Linux/overthewire/overTheWire-bandit4.md
Link not found: None in file /mnt/data-1T/data/developpement-it/documentations/it/mk-docs/documentations_linux/docs_clone/03_PROJET/Linux/overthewire/overTheWire-bandit4.md
Link not found: None in file /mnt/data-1T/data/developpement-it/documentations/it/mk-docs/documentations_linux/docs_clone/03_PROJET/Linux/overthewire/overTheWire-bandit4.md
Link not found: None in file /mnt/data-1T/data/developpement-it/documentations/it/mk-docs/documentations_linux/docs_clone/03_PROJET/Linux/overthewire/overTheWire-bandit4.md
Link not found: None in file /mnt/data-1T/data/developpement-it/documentations/it/mk-docs/documentations_linux/docs_clone/03_PROJET/Linux/overthewire/overTheWire-bandit4.md
Link not found: None in file /mnt/data-1T/data/developpement-it/documentations/it/mk-docs/documentations_linux/docs_clone/03_PROJET/Linux/overthewire/overTheWire-bandit4.md
Link not found: None in file /mnt/data-1T/data/developpement-it/documentations/it/mk-docs/documentations_linux/docs_clone/03_PROJET/Linux/programmes/Multipass.md
Link not found: None in file /mnt/data-1T/data/developpement-it/documentations/it/mk-docs/documentations_linux/docs_clone/03_PROJET/Linux/programmes/Multipass.md
Link not found: None in file /mnt/data-1T/data/developpement-it/documentations/it/mk-docs/documentations_linux/docs_clone/03_PROJET/Linux/programmes/Multipass.md
Link not found: None in file /mnt/data-1T/data/developpement-it/documentations/it/mk-docs/documentations_linux/docs_clone/03_PROJET/Linux/scripting/expression.md
Link not found: None in file /mnt/data-1T/data/developpement-it/documentations/it/mk-docs/documentations_linux/docs_clone/03_PROJET/Linux/scripting/expression.md
Link not found: None in file /mnt/data-1T/data/developpement-it/documentations/it/mk-docs/documentations_linux/docs_clone/03_PROJET/Linux/scripting/expression.md
Link not found: None in file /mnt/data-1T/data/developpement-it/documentations/it/mk-docs/documentations_linux/docs_clone/03_PROJET/Linux/scripting/expression.md
Link not found: None in file /mnt/data-1T/data/developpement-it/documentations/it/mk-docs/documentations_linux/docs_clone/03_PROJET/Linux/scripting/expression.md
Link not found: None in file /mnt/data-1T/data/developpement-it/documentations/it/mk-docs/documentations_linux/docs_clone/03_PROJET/Linux/scripting/expression.md
Link not found: None in file /mnt/data-1T/data/developpement-it/documentations/it/mk-docs/documentations_linux/docs_clone/03_PROJET/Linux/scripting/expression.md
Link not found: None in file /mnt/data-1T/data/developpement-it/documentations/it/mk-docs/documentations_linux/docs_clone/03_PROJET/Linux/scripting/tp/TP-Scripting-bash-texte_1.md
Link not found: None in file /mnt/data-1T/data/developpement-it/documentations/it/mk-docs/documentations_linux/docs_clone/03_PROJET/Linux/scripting/tp/TP-Scripting-bash-texte_1.md
Link not found: None in file /mnt/data-1T/data/developpement-it/documentations/it/mk-docs/documentations_linux/docs_clone/03_PROJET/Linux/vps-ovh/debian/installation-debian.md
Link not found: None in file /mnt/data-1T/data/developpement-it/documentations/it/mk-docs/documentations_linux/docs_clone/03_PROJET/Linux/vps-ovh/debian/installation-debian.md
Link not found: None in file /mnt/data-1T/data/developpement-it/documentations/it/mk-docs/documentations_linux/docs_clone/03_PROJET/Linux/vps-ovh/debian/installation-debian.md
Link not found: None in file /mnt/data-1T/data/developpement-it/documentations/it/mk-docs/documentations_linux/docs_clone/03_PROJET/Linux/vps-ovh/debian/installation-debian.md
Link not found: None in file /mnt/data-1T/data/developpement-it/documentations/it/mk-docs/documentations_linux/docs_clone/03_PROJET/Linux/vps-ovh/debian/installation-debian.md
Link not found: None in file /mnt/data-1T/data/developpement-it/documentations/it/mk-docs/documentations_linux/docs_clone/emplois/tai/RNCP37681-EXAM.md
Link not found: None in file /mnt/data-1T/data/developpement-it/documentations/it/mk-docs/documentations_linux/docs_clone/emplois/tai/RNCP37681-GPT-MIXTE.md
Link not found: None in file /mnt/data-1T/data/developpement-it/documentations/it/mk-docs/documentations_linux/docs_clone/emplois/tai/RNCP37681-GPT-REF.md
Link not found: None in file /mnt/data-1T/data/developpement-it/documentations/it/mk-docs/documentations_linux/docs_clone/emplois/tai/RNCP37681-GPT.md
Link not found: None in file /mnt/data-1T/data/developpement-it/documentations/it/mk-docs/documentations_linux/docs_clone/informatique/general/Inodes.md
Link not found: None in file /mnt/data-1T/data/developpement-it/documentations/it/mk-docs/documentations_linux/docs_clone/informatique/ordinateur/it-process/IT-Process-Model.md
Link not found: None in file /mnt/data-1T/data/developpement-it/documentations/it/mk-docs/documentations_linux/docs_clone/informatique/ordinateur/it-process/IT-Process-Model.md
Link not found: None in file /mnt/data-1T/data/developpement-it/documentations/it/mk-docs/documentations_linux/docs_clone/informatique/ordinateur/it-process/IT-Process-Model.md
Link not found: None in file /mnt/data-1T/data/developpement-it/documentations/it/mk-docs/documentations_linux/docs_clone/informatique/ordinateur/it-process/IT-Process-Model.md
Link not found: None in file /mnt/data-1T/data/developpement-it/documentations/it/mk-docs/documentations_linux/docs_clone/informatique/ordinateur/it-process/IT-Process-Model.md
Link not found: None in file /mnt/data-1T/data/developpement-it/documentations/it/mk-docs/documentations_linux/docs_clone/informatique/ordinateur/it-process/IT-Process-Model.md
Link not found: None in file /mnt/data-1T/data/developpement-it/documentations/it/mk-docs/documentations_linux/docs_clone/informatique/shell-terminal/emulateur-terminal.md
Link not found: None in file /mnt/data-1T/data/developpement-it/documentations/it/mk-docs/documentations_linux/docs_clone/informatique/shell-terminal/interpreteur-de-commande.md
Link not found: None in file /mnt/data-1T/data/developpement-it/documentations/it/mk-docs/documentations_linux/docs_clone/informatique/shell-terminal/prompt.md
Link not found: None in file /mnt/data-1T/data/developpement-it/documentations/it/mk-docs/documentations_linux/docs_clone/langages/awk/regex.md
Link not found: None in file /mnt/data-1T/data/developpement-it/documentations/it/mk-docs/documentations_linux/docs_clone/langages/bash/bash-docu/BASH_REMATCH.md
Link not found: None in file /mnt/data-1T/data/developpement-it/documentations/it/mk-docs/documentations_linux/docs_clone/langages/bash/bash-docu/BASH_REMATCH.md
Link not found: None in file /mnt/data-1T/data/developpement-it/documentations/it/mk-docs/documentations_linux/docs_clone/langages/bash/bash-docu/BASH_REMATCH.md
Link not found: None in file /mnt/data-1T/data/developpement-it/documentations/it/mk-docs/documentations_linux/docs_clone/langages/bash/bash-docu/BASH_REMATCH.md
Link not found: None in file /mnt/data-1T/data/developpement-it/documentations/it/mk-docs/documentations_linux/docs_clone/langages/bash/bash-docu/BASH_REMATCH.md
Link not found: None in file /mnt/data-1T/data/developpement-it/documentations/it/mk-docs/documentations_linux/docs_clone/langages/bash/bash-docu/BASH_REMATCH.md
Link not found: None in file /mnt/data-1T/data/developpement-it/documentations/it/mk-docs/documentations_linux/docs_clone/langages/bash/bash-docu/chaines.md
Link not found: None in file /mnt/data-1T/data/developpement-it/documentations/it/mk-docs/documentations_linux/docs_clone/langages/bash/bash-docu/chaines.md
Link not found: None in file /mnt/data-1T/data/developpement-it/documentations/it/mk-docs/documentations_linux/docs_clone/langages/bash/bash-docu/chaines_operateurs.md
Link not found: None in file /mnt/data-1T/data/developpement-it/documentations/it/mk-docs/documentations_linux/docs_clone/langages/bash/bash-docu/chaines_operateurs.md
Link not found: None in file /mnt/data-1T/data/developpement-it/documentations/it/mk-docs/documentations_linux/docs_clone/langages/bash/bash-docu/chaines_operateurs.md
Link not found: None in file /mnt/data-1T/data/developpement-it/documentations/it/mk-docs/documentations_linux/docs_clone/langages/bash/bash-docu/chaines_operateurs.md
Link not found: None in file /mnt/data-1T/data/developpement-it/documentations/it/mk-docs/documentations_linux/docs_clone/langages/bash/bash-docu/Conditions-composite.md
Link not found: None in file /mnt/data-1T/data/developpement-it/documentations/it/mk-docs/documentations_linux/docs_clone/langages/bash/bash-docu/Conditions-composite.md
Link not found: None in file /mnt/data-1T/data/developpement-it/documentations/it/mk-docs/documentations_linux/docs_clone/langages/bash/bash-docu/Conditions-composite.md
Link not found: None in file /mnt/data-1T/data/developpement-it/documentations/it/mk-docs/documentations_linux/docs_clone/langages/bash/bash-docu/Conditions-composite.md
Link not found: None in file /mnt/data-1T/data/developpement-it/documentations/it/mk-docs/documentations_linux/docs_clone/langages/bash/bash-docu/Conditions-composite.md
Link not found: None in file /mnt/data-1T/data/developpement-it/documentations/it/mk-docs/documentations_linux/docs_clone/langages/bash/bash-docu/Conditions-composite.md
Link not found: None in file /mnt/data-1T/data/developpement-it/documentations/it/mk-docs/documentations_linux/docs_clone/langages/bash/bash-docu/Operateurs-Logiques.md
Link not found: None in file /mnt/data-1T/data/developpement-it/documentations/it/mk-docs/documentations_linux/docs_clone/langages/bash/bash-docu/Operateurs-Logiques.md
Link not found: None in file /mnt/data-1T/data/developpement-it/documentations/it/mk-docs/documentations_linux/docs_clone/langages/bash/bash-docu/Operateurs-Logiques.md
Link not found: None in file /mnt/data-1T/data/developpement-it/documentations/it/mk-docs/documentations_linux/docs_clone/langages/bash/bash-docu/Operateurs-Logiques.md
Link not found: None in file /mnt/data-1T/data/developpement-it/documentations/it/mk-docs/documentations_linux/docs_clone/langages/bash/bash-docu/Operateurs-Logiques.md
Link not found: None in file /mnt/data-1T/data/developpement-it/documentations/it/mk-docs/documentations_linux/docs_clone/langages/bash/bash-docu/Operateurs-Logiques.md
Link not found: None in file /mnt/data-1T/data/developpement-it/documentations/it/mk-docs/documentations_linux/docs_clone/langages/bash/bash-docu/Structures-Conditionnelles.md
Link not found: None in file /mnt/data-1T/data/developpement-it/documentations/it/mk-docs/documentations_linux/docs_clone/langages/bash/bash-docu/Structures-Conditionnelles.md
Link not found: None in file /mnt/data-1T/data/developpement-it/documentations/it/mk-docs/documentations_linux/docs_clone/langages/bash/bash-docu/Tableaux.md
Link not found: None in file /mnt/data-1T/data/developpement-it/documentations/it/mk-docs/documentations_linux/docs_clone/langages/bash/bash-docu/while read -r - 2.md
Link not found: None in file /mnt/data-1T/data/developpement-it/documentations/it/mk-docs/documentations_linux/docs_clone/langages/bash/bash-docu/while read -r - 2.md
Link not found: None in file /mnt/data-1T/data/developpement-it/documentations/it/mk-docs/documentations_linux/docs_clone/langages/bash/bash-docu/del/condition_composite.md
Link not found: None in file /mnt/data-1T/data/developpement-it/documentations/it/mk-docs/documentations_linux/docs_clone/langages/bash/bash-docu/del/condition_composite.md
Link not found: None in file /mnt/data-1T/data/developpement-it/documentations/it/mk-docs/documentations_linux/docs_clone/langages/bash/bash-docu/del/condition_composite.md
Link not found: None in file /mnt/data-1T/data/developpement-it/documentations/it/mk-docs/documentations_linux/docs_clone/langages/bash/bash-docu/del/condition_composite.md
Link not found: None in file /mnt/data-1T/data/developpement-it/documentations/it/mk-docs/documentations_linux/docs_clone/langages/bash/bash-docu/del/condition_composite.md
Link not found: None in file /mnt/data-1T/data/developpement-it/documentations/it/mk-docs/documentations_linux/docs_clone/langages/bash/bash-docu/del/condition_composite.md
Link not found: None in file /mnt/data-1T/data/developpement-it/documentations/it/mk-docs/documentations_linux/docs_clone/langages/bash/bash-docu/del/condition_composite.md
Link not found: None in file /mnt/data-1T/data/developpement-it/documentations/it/mk-docs/documentations_linux/docs_clone/langages/bash/bash-docu/del/condition_composite.md
Link not found: None in file /mnt/data-1T/data/developpement-it/documentations/it/mk-docs/documentations_linux/docs_clone/langages/bash/bash-docu/del/opérateurs logiques.md
Link not found: None in file /mnt/data-1T/data/developpement-it/documentations/it/mk-docs/documentations_linux/docs_clone/langages/bash/bash-docu/del/opérateurs logiques.md
Link not found: None in file /mnt/data-1T/data/developpement-it/documentations/it/mk-docs/documentations_linux/docs_clone/langages/bash/bash-docu/del/structure_conditionelle.md
Link not found: None in file /mnt/data-1T/data/developpement-it/documentations/it/mk-docs/documentations_linux/docs_clone/langages/bash/bash-docu/del/structure_conditionelle.md
Link not found: None in file /mnt/data-1T/data/developpement-it/documentations/it/mk-docs/documentations_linux/docs_clone/langages/bash/bash-docu/del/tableaux.md
Link not found: None in file /mnt/data-1T/data/developpement-it/documentations/it/mk-docs/documentations_linux/docs_clone/langages/bash/exercices/chaines-operateurs.md
Link not found: None in file /mnt/data-1T/data/developpement-it/documentations/it/mk-docs/documentations_linux/docs_clone/langages/bash/exercices/chaines-operateurs.md
Link not found: None in file /mnt/data-1T/data/developpement-it/documentations/it/mk-docs/documentations_linux/docs_clone/langages/bash/exercices/chaines-operateurs.md
Link not found: None in file /mnt/data-1T/data/developpement-it/documentations/it/mk-docs/documentations_linux/docs_clone/langages/bash/exercices/chaines-operateurs.md
Link not found: None in file /mnt/data-1T/data/developpement-it/documentations/it/mk-docs/documentations_linux/docs_clone/langages/bash/exercices/chaines-operateurs.md
Link not found: None in file /mnt/data-1T/data/developpement-it/documentations/it/mk-docs/documentations_linux/docs_clone/langages/bash/exercices/chaines-operateurs.md
Link not found: None in file /mnt/data-1T/data/developpement-it/documentations/it/mk-docs/documentations_linux/docs_clone/programme/01_Systeme/Processus_et_Services/getent.md
Link not found: None in file /mnt/data-1T/data/developpement-it/documentations/it/mk-docs/documentations_linux/docs_clone/programme/03_Gestion_des_Utilisateurs/Utilisateurs_et_Groupes/deluser.md
Link not found: None in file /mnt/data-1T/data/developpement-it/documentations/it/mk-docs/documentations_linux/docs_clone/01_PROGRAMME/01_Systeme/Processus_et_Services/getent.md
Link not found: None in file /mnt/data-1T/data/developpement-it/documentations/it/mk-docs/documentations_linux/docs_clone/01_PROGRAMME/03_Gestion_des_Utilisateurs/Utilisateurs_et_Groupes/deluser.md
Link not found: None in file /mnt/data-1T/data/developpement-it/documentations/it/mk-docs/documentations_linux/docs_clone/03_PROJET/Informatique/Les-fichiers.md
Link not found: None in file /mnt/data-1T/data/developpement-it/documentations/it/mk-docs/documentations_linux/docs_clone/03_PROJET/Informatique/ordinateur/bios.md
Link not found: None in file /mnt/data-1T/data/developpement-it/documentations/it/mk-docs/documentations_linux/docs_clone/03_PROJET/Informatique/ordinateur/IT-IO-Devices.md
Link not found: None in file /mnt/data-1T/data/developpement-it/documentations/it/mk-docs/documentations_linux/docs_clone/03_PROJET/Informatique/ordinateur/IT-IO-Devices.md
Link not found: None in file /mnt/data-1T/data/developpement-it/documentations/it/mk-docs/documentations_linux/docs_clone/03_PROJET/Informatique/ordinateur/IT-IO-Devices.md
Link not found: None in file /mnt/data-1T/data/developpement-it/documentations/it/mk-docs/documentations_linux/docs_clone/03_PROJET/Linux/overthewire/overTheWire-bandit4.md
Link not found: None in file /mnt/data-1T/data/developpement-it/documentations/it/mk-docs/documentations_linux/docs_clone/03_PROJET/Linux/overthewire/overTheWire-bandit4.md
Link not found: None in file /mnt/data-1T/data/developpement-it/documentations/it/mk-docs/documentations_linux/docs_clone/03_PROJET/Linux/overthewire/overTheWire-bandit4.md
Link not found: None in file /mnt/data-1T/data/developpement-it/documentations/it/mk-docs/documentations_linux/docs_clone/03_PROJET/Linux/overthewire/overTheWire-bandit4.md
Link not found: None in file /mnt/data-1T/data/developpement-it/documentations/it/mk-docs/documentations_linux/docs_clone/03_PROJET/Linux/overthewire/overTheWire-bandit4.md
Link not found: None in file /mnt/data-1T/data/developpement-it/documentations/it/mk-docs/documentations_linux/docs_clone/03_PROJET/Linux/overthewire/overTheWire-bandit4.md
Link not found: None in file /mnt/data-1T/data/developpement-it/documentations/it/mk-docs/documentations_linux/docs_clone/03_PROJET/Linux/scripting/expression.md
Link not found: None in file /mnt/data-1T/data/developpement-it/documentations/it/mk-docs/documentations_linux/docs_clone/03_PROJET/Linux/scripting/expression.md
Link not found: None in file /mnt/data-1T/data/developpement-it/documentations/it/mk-docs/documentations_linux/docs_clone/03_PROJET/Linux/scripting/expression.md
Link not found: None in file /mnt/data-1T/data/developpement-it/documentations/it/mk-docs/documentations_linux/docs_clone/03_PROJET/Linux/scripting/expression.md
Link not found: None in file /mnt/data-1T/data/developpement-it/documentations/it/mk-docs/documentations_linux/docs_clone/03_PROJET/Linux/scripting/expression.md
Link not found: None in file /mnt/data-1T/data/developpement-it/documentations/it/mk-docs/documentations_linux/docs_clone/03_PROJET/Linux/scripting/expression.md
Link not found: None in file /mnt/data-1T/data/developpement-it/documentations/it/mk-docs/documentations_linux/docs_clone/03_PROJET/Linux/scripting/expression.md
Link not found: None in file /mnt/data-1T/data/developpement-it/documentations/it/mk-docs/documentations_linux/docs_clone/03_PROJET/Linux/scripting/tp/TP-Scripting-bash-texte_1.md
Link not found: None in file /mnt/data-1T/data/developpement-it/documentations/it/mk-docs/documentations_linux/docs_clone/03_PROJET/Linux/scripting/tp/TP-Scripting-bash-texte_1.md
Link not found: None in file /mnt/data-1T/data/developpement-it/documentations/it/mk-docs/documentations_linux/docs_clone/03_PROJET/Linux/vps-ovh/debian/installation-debian.md
Link not found: None in file /mnt/data-1T/data/developpement-it/documentations/it/mk-docs/documentations_linux/docs_clone/03_PROJET/Linux/vps-ovh/debian/installation-debian.md
Link not found: None in file /mnt/data-1T/data/developpement-it/documentations/it/mk-docs/documentations_linux/docs_clone/03_PROJET/Linux/vps-ovh/debian/installation-debian.md
Link not found: None in file /mnt/data-1T/data/developpement-it/documentations/it/mk-docs/documentations_linux/docs_clone/03_PROJET/Linux/vps-ovh/debian/installation-debian.md
Link not found: None in file /mnt/data-1T/data/developpement-it/documentations/it/mk-docs/documentations_linux/docs_clone/03_PROJET/Linux/vps-ovh/debian/installation-debian.md
Link not found: None in file /mnt/data-1T/data/developpement-it/documentations/it/mk-docs/documentations_linux/docs_clone/04_VIE-PERSO/emplois/tai/RNCP37681-EXAM.md
Link not found: None in file /mnt/data-1T/data/developpement-it/documentations/it/mk-docs/documentations_linux/docs_clone/04_VIE-PERSO/emplois/tai/RNCP37681-GPT-MIXTE.md
Link not found: None in file /mnt/data-1T/data/developpement-it/documentations/it/mk-docs/documentations_linux/docs_clone/04_VIE-PERSO/emplois/tai/RNCP37681-GPT-REF.md
Link not found: None in file /mnt/data-1T/data/developpement-it/documentations/it/mk-docs/documentations_linux/docs_clone/04_VIE-PERSO/emplois/tai/RNCP37681-GPT.md
Link not found: None in file /mnt/data-1T/data/developpement-it/documentations/it/mk-docs/documentations_linux/docs_clone/informatique/general/Inodes.md
Link not found: None in file /mnt/data-1T/data/developpement-it/documentations/it/mk-docs/documentations_linux/docs_clone/informatique/ordinateur/it-process/IT-Process-Model.md
Link not found: None in file /mnt/data-1T/data/developpement-it/documentations/it/mk-docs/documentations_linux/docs_clone/informatique/ordinateur/it-process/IT-Process-Model.md
Link not found: None in file /mnt/data-1T/data/developpement-it/documentations/it/mk-docs/documentations_linux/docs_clone/informatique/ordinateur/it-process/IT-Process-Model.md
Link not found: None in file /mnt/data-1T/data/developpement-it/documentations/it/mk-docs/documentations_linux/docs_clone/informatique/ordinateur/it-process/IT-Process-Model.md
Link not found: None in file /mnt/data-1T/data/developpement-it/documentations/it/mk-docs/documentations_linux/docs_clone/informatique/ordinateur/it-process/IT-Process-Model.md
Link not found: None in file /mnt/data-1T/data/developpement-it/documentations/it/mk-docs/documentations_linux/docs_clone/informatique/ordinateur/it-process/IT-Process-Model.md
Link not found: None in file /mnt/data-1T/data/developpement-it/documentations/it/mk-docs/documentations_linux/docs_clone/informatique/shell-terminal/emulateur-terminal.md
Link not found: None in file /mnt/data-1T/data/developpement-it/documentations/it/mk-docs/documentations_linux/docs_clone/informatique/shell-terminal/interpreteur-de-commande.md
Link not found: None in file /mnt/data-1T/data/developpement-it/documentations/it/mk-docs/documentations_linux/docs_clone/informatique/shell-terminal/prompt.md
Link not found: None in file /mnt/data-1T/data/developpement-it/documentations/it/mk-docs/documentations_linux/docs_clone/langages/awk/regex.md
Link not found: None in file /mnt/data-1T/data/developpement-it/documentations/it/mk-docs/documentations_linux/docs_clone/langages/bash/bash-docu/BASH_REMATCH.md
Link not found: None in file /mnt/data-1T/data/developpement-it/documentations/it/mk-docs/documentations_linux/docs_clone/langages/bash/bash-docu/BASH_REMATCH.md
Link not found: None in file /mnt/data-1T/data/developpement-it/documentations/it/mk-docs/documentations_linux/docs_clone/langages/bash/bash-docu/BASH_REMATCH.md
Link not found: None in file /mnt/data-1T/data/developpement-it/documentations/it/mk-docs/documentations_linux/docs_clone/langages/bash/bash-docu/BASH_REMATCH.md
Link not found: None in file /mnt/data-1T/data/developpement-it/documentations/it/mk-docs/documentations_linux/docs_clone/langages/bash/bash-docu/BASH_REMATCH.md
Link not found: None in file /mnt/data-1T/data/developpement-it/documentations/it/mk-docs/documentations_linux/docs_clone/langages/bash/bash-docu/BASH_REMATCH.md
Link not found: None in file /mnt/data-1T/data/developpement-it/documentations/it/mk-docs/documentations_linux/docs_clone/langages/bash/bash-docu/chaines.md
Link not found: None in file /mnt/data-1T/data/developpement-it/documentations/it/mk-docs/documentations_linux/docs_clone/langages/bash/bash-docu/chaines.md
Link not found: None in file /mnt/data-1T/data/developpement-it/documentations/it/mk-docs/documentations_linux/docs_clone/langages/bash/bash-docu/chaines_operateurs.md
Link not found: None in file /mnt/data-1T/data/developpement-it/documentations/it/mk-docs/documentations_linux/docs_clone/langages/bash/bash-docu/chaines_operateurs.md
Link not found: None in file /mnt/data-1T/data/developpement-it/documentations/it/mk-docs/documentations_linux/docs_clone/langages/bash/bash-docu/chaines_operateurs.md
Link not found: None in file /mnt/data-1T/data/developpement-it/documentations/it/mk-docs/documentations_linux/docs_clone/langages/bash/bash-docu/chaines_operateurs.md
Link not found: None in file /mnt/data-1T/data/developpement-it/documentations/it/mk-docs/documentations_linux/docs_clone/langages/bash/bash-docu/Conditions-composite.md
Link not found: None in file /mnt/data-1T/data/developpement-it/documentations/it/mk-docs/documentations_linux/docs_clone/langages/bash/bash-docu/Conditions-composite.md
Link not found: None in file /mnt/data-1T/data/developpement-it/documentations/it/mk-docs/documentations_linux/docs_clone/langages/bash/bash-docu/Conditions-composite.md
Link not found: None in file /mnt/data-1T/data/developpement-it/documentations/it/mk-docs/documentations_linux/docs_clone/langages/bash/bash-docu/Conditions-composite.md
Link not found: None in file /mnt/data-1T/data/developpement-it/documentations/it/mk-docs/documentations_linux/docs_clone/langages/bash/bash-docu/Conditions-composite.md
Link not found: None in file /mnt/data-1T/data/developpement-it/documentations/it/mk-docs/documentations_linux/docs_clone/langages/bash/bash-docu/Conditions-composite.md
Link not found: None in file /mnt/data-1T/data/developpement-it/documentations/it/mk-docs/documentations_linux/docs_clone/langages/bash/bash-docu/Operateurs-Logiques.md
Link not found: None in file /mnt/data-1T/data/developpement-it/documentations/it/mk-docs/documentations_linux/docs_clone/langages/bash/bash-docu/Operateurs-Logiques.md
Link not found: None in file /mnt/data-1T/data/developpement-it/documentations/it/mk-docs/documentations_linux/docs_clone/langages/bash/bash-docu/Operateurs-Logiques.md
Link not found: None in file /mnt/data-1T/data/developpement-it/documentations/it/mk-docs/documentations_linux/docs_clone/langages/bash/bash-docu/Operateurs-Logiques.md
Link not found: None in file /mnt/data-1T/data/developpement-it/documentations/it/mk-docs/documentations_linux/docs_clone/langages/bash/bash-docu/Operateurs-Logiques.md
Link not found: None in file /mnt/data-1T/data/developpement-it/documentations/it/mk-docs/documentations_linux/docs_clone/langages/bash/bash-docu/Operateurs-Logiques.md
Link not found: None in file /mnt/data-1T/data/developpement-it/documentations/it/mk-docs/documentations_linux/docs_clone/langages/bash/bash-docu/Structures-Conditionnelles.md
Link not found: None in file /mnt/data-1T/data/developpement-it/documentations/it/mk-docs/documentations_linux/docs_clone/langages/bash/bash-docu/Structures-Conditionnelles.md
Link not found: None in file /mnt/data-1T/data/developpement-it/documentations/it/mk-docs/documentations_linux/docs_clone/langages/bash/bash-docu/Tableaux.md
Link not found: None in file /mnt/data-1T/data/developpement-it/documentations/it/mk-docs/documentations_linux/docs_clone/langages/bash/bash-docu/while read -r - 2.md
Link not found: None in file /mnt/data-1T/data/developpement-it/documentations/it/mk-docs/documentations_linux/docs_clone/langages/bash/bash-docu/while read -r - 2.md
Link not found: None in file /mnt/data-1T/data/developpement-it/documentations/it/mk-docs/documentations_linux/docs_clone/langages/bash/bash-docu/del/condition_composite.md
Link not found: None in file /mnt/data-1T/data/developpement-it/documentations/it/mk-docs/documentations_linux/docs_clone/langages/bash/bash-docu/del/condition_composite.md
Link not found: None in file /mnt/data-1T/data/developpement-it/documentations/it/mk-docs/documentations_linux/docs_clone/langages/bash/bash-docu/del/condition_composite.md
Link not found: None in file /mnt/data-1T/data/developpement-it/documentations/it/mk-docs/documentations_linux/docs_clone/langages/bash/bash-docu/del/condition_composite.md
Link not found: None in file /mnt/data-1T/data/developpement-it/documentations/it/mk-docs/documentations_linux/docs_clone/langages/bash/bash-docu/del/condition_composite.md
Link not found: None in file /mnt/data-1T/data/developpement-it/documentations/it/mk-docs/documentations_linux/docs_clone/langages/bash/bash-docu/del/condition_composite.md
Link not found: None in file /mnt/data-1T/data/developpement-it/documentations/it/mk-docs/documentations_linux/docs_clone/langages/bash/bash-docu/del/condition_composite.md
Link not found: None in file /mnt/data-1T/data/developpement-it/documentations/it/mk-docs/documentations_linux/docs_clone/langages/bash/bash-docu/del/condition_composite.md
Link not found: None in file /mnt/data-1T/data/developpement-it/documentations/it/mk-docs/documentations_linux/docs_clone/langages/bash/bash-docu/del/opérateurs logiques.md
Link not found: None in file /mnt/data-1T/data/developpement-it/documentations/it/mk-docs/documentations_linux/docs_clone/langages/bash/bash-docu/del/opérateurs logiques.md
Link not found: None in file /mnt/data-1T/data/developpement-it/documentations/it/mk-docs/documentations_linux/docs_clone/langages/bash/bash-docu/del/structure_conditionelle.md
Link not found: None in file /mnt/data-1T/data/developpement-it/documentations/it/mk-docs/documentations_linux/docs_clone/langages/bash/bash-docu/del/structure_conditionelle.md
Link not found: None in file /mnt/data-1T/data/developpement-it/documentations/it/mk-docs/documentations_linux/docs_clone/langages/bash/bash-docu/del/tableaux.md
Link not found: None in file /mnt/data-1T/data/developpement-it/documentations/it/mk-docs/documentations_linux/docs_clone/langages/bash/exercices/chaines-operateurs.md
Link not found: None in file /mnt/data-1T/data/developpement-it/documentations/it/mk-docs/documentations_linux/docs_clone/langages/bash/exercices/chaines-operateurs.md
Link not found: None in file /mnt/data-1T/data/developpement-it/documentations/it/mk-docs/documentations_linux/docs_clone/langages/bash/exercices/chaines-operateurs.md
Link not found: None in file /mnt/data-1T/data/developpement-it/documentations/it/mk-docs/documentations_linux/docs_clone/langages/bash/exercices/chaines-operateurs.md
Link not found: None in file /mnt/data-1T/data/developpement-it/documentations/it/mk-docs/documentations_linux/docs_clone/langages/bash/exercices/chaines-operateurs.md
Link not found: None in file /mnt/data-1T/data/developpement-it/documentations/it/mk-docs/documentations_linux/docs_clone/langages/bash/exercices/chaines-operateurs.md
Link not found: None in file /mnt/data-1T/data/developpement-it/documentations/it/mk-docs/documentations_linux/docs_clone/01_PROGRAMME/01_Systeme/Processus_et_Services/getent.md
Link not found: None in file /mnt/data-1T/data/developpement-it/documentations/it/mk-docs/documentations_linux/docs_clone/01_PROGRAMME/03_Gestion_des_Utilisateurs/Utilisateurs_et_Groupes/deluser.md
Link not found: None in file /mnt/data-1T/data/developpement-it/documentations/it/mk-docs/documentations_linux/docs_clone/02_LANGAGES/awk/regex.md
Link not found: None in file /mnt/data-1T/data/developpement-it/documentations/it/mk-docs/documentations_linux/docs_clone/02_LANGAGES/bash/bash-docu/BASH_REMATCH.md
Link not found: None in file /mnt/data-1T/data/developpement-it/documentations/it/mk-docs/documentations_linux/docs_clone/02_LANGAGES/bash/bash-docu/BASH_REMATCH.md
Link not found: None in file /mnt/data-1T/data/developpement-it/documentations/it/mk-docs/documentations_linux/docs_clone/02_LANGAGES/bash/bash-docu/BASH_REMATCH.md
Link not found: None in file /mnt/data-1T/data/developpement-it/documentations/it/mk-docs/documentations_linux/docs_clone/02_LANGAGES/bash/bash-docu/BASH_REMATCH.md
Link not found: None in file /mnt/data-1T/data/developpement-it/documentations/it/mk-docs/documentations_linux/docs_clone/02_LANGAGES/bash/bash-docu/BASH_REMATCH.md
Link not found: None in file /mnt/data-1T/data/developpement-it/documentations/it/mk-docs/documentations_linux/docs_clone/02_LANGAGES/bash/bash-docu/BASH_REMATCH.md
Link not found: None in file /mnt/data-1T/data/developpement-it/documentations/it/mk-docs/documentations_linux/docs_clone/02_LANGAGES/bash/bash-docu/BASH_REMATCH.md
Link not found: None in file /mnt/data-1T/data/developpement-it/documentations/it/mk-docs/documentations_linux/docs_clone/02_LANGAGES/bash/bash-docu/chaines.md
Link not found: None in file /mnt/data-1T/data/developpement-it/documentations/it/mk-docs/documentations_linux/docs_clone/02_LANGAGES/bash/bash-docu/chaines.md
Link not found: None in file /mnt/data-1T/data/developpement-it/documentations/it/mk-docs/documentations_linux/docs_clone/02_LANGAGES/bash/bash-docu/chaines_operateurs.md
Link not found: None in file /mnt/data-1T/data/developpement-it/documentations/it/mk-docs/documentations_linux/docs_clone/02_LANGAGES/bash/bash-docu/chaines_operateurs.md
Link not found: None in file /mnt/data-1T/data/developpement-it/documentations/it/mk-docs/documentations_linux/docs_clone/02_LANGAGES/bash/bash-docu/chaines_operateurs.md
Link not found: None in file /mnt/data-1T/data/developpement-it/documentations/it/mk-docs/documentations_linux/docs_clone/02_LANGAGES/bash/bash-docu/chaines_operateurs.md
Link not found: None in file /mnt/data-1T/data/developpement-it/documentations/it/mk-docs/documentations_linux/docs_clone/02_LANGAGES/bash/bash-docu/Conditions-composite.md
Link not found: None in file /mnt/data-1T/data/developpement-it/documentations/it/mk-docs/documentations_linux/docs_clone/02_LANGAGES/bash/bash-docu/Conditions-composite.md
Link not found: None in file /mnt/data-1T/data/developpement-it/documentations/it/mk-docs/documentations_linux/docs_clone/02_LANGAGES/bash/bash-docu/Conditions-composite.md
Link not found: None in file /mnt/data-1T/data/developpement-it/documentations/it/mk-docs/documentations_linux/docs_clone/02_LANGAGES/bash/bash-docu/Conditions-composite.md
Link not found: None in file /mnt/data-1T/data/developpement-it/documentations/it/mk-docs/documentations_linux/docs_clone/02_LANGAGES/bash/bash-docu/Conditions-composite.md
Link not found: None in file /mnt/data-1T/data/developpement-it/documentations/it/mk-docs/documentations_linux/docs_clone/02_LANGAGES/bash/bash-docu/Conditions-composite.md
Link not found: None in file /mnt/data-1T/data/developpement-it/documentations/it/mk-docs/documentations_linux/docs_clone/02_LANGAGES/bash/bash-docu/Expansion-de-Paramètre.md
Link not found: None in file /mnt/data-1T/data/developpement-it/documentations/it/mk-docs/documentations_linux/docs_clone/02_LANGAGES/bash/bash-docu/Operateurs-Logiques.md
Link not found: None in file /mnt/data-1T/data/developpement-it/documentations/it/mk-docs/documentations_linux/docs_clone/02_LANGAGES/bash/bash-docu/Operateurs-Logiques.md
Link not found: None in file /mnt/data-1T/data/developpement-it/documentations/it/mk-docs/documentations_linux/docs_clone/02_LANGAGES/bash/bash-docu/Operateurs-Logiques.md
Link not found: None in file /mnt/data-1T/data/developpement-it/documentations/it/mk-docs/documentations_linux/docs_clone/02_LANGAGES/bash/bash-docu/Operateurs-Logiques.md
Link not found: None in file /mnt/data-1T/data/developpement-it/documentations/it/mk-docs/documentations_linux/docs_clone/02_LANGAGES/bash/bash-docu/Operateurs-Logiques.md
Link not found: None in file /mnt/data-1T/data/developpement-it/documentations/it/mk-docs/documentations_linux/docs_clone/02_LANGAGES/bash/bash-docu/Operateurs-Logiques.md
Link not found: None in file /mnt/data-1T/data/developpement-it/documentations/it/mk-docs/documentations_linux/docs_clone/02_LANGAGES/bash/bash-docu/Structures-Conditionnelles.md
Link not found: None in file /mnt/data-1T/data/developpement-it/documentations/it/mk-docs/documentations_linux/docs_clone/02_LANGAGES/bash/bash-docu/Structures-Conditionnelles.md
Link not found: None in file /mnt/data-1T/data/developpement-it/documentations/it/mk-docs/documentations_linux/docs_clone/02_LANGAGES/bash/bash-docu/tableaux associatifs.md
Link not found: None in file /mnt/data-1T/data/developpement-it/documentations/it/mk-docs/documentations_linux/docs_clone/02_LANGAGES/bash/bash-docu/Tableaux.md
Link not found: None in file /mnt/data-1T/data/developpement-it/documentations/it/mk-docs/documentations_linux/docs_clone/02_LANGAGES/bash/bash-docu/while read -r - 1.md
Link not found: None in file /mnt/data-1T/data/developpement-it/documentations/it/mk-docs/documentations_linux/docs_clone/02_LANGAGES/bash/bash-docu/while read -r - 2.md
Link not found: None in file /mnt/data-1T/data/developpement-it/documentations/it/mk-docs/documentations_linux/docs_clone/02_LANGAGES/bash/bash-docu/while read -r - 2.md
Link not found: None in file /mnt/data-1T/data/developpement-it/documentations/it/mk-docs/documentations_linux/docs_clone/02_LANGAGES/bash/bash-docu/del/condition_composite.md
Link not found: None in file /mnt/data-1T/data/developpement-it/documentations/it/mk-docs/documentations_linux/docs_clone/02_LANGAGES/bash/bash-docu/del/condition_composite.md
Link not found: None in file /mnt/data-1T/data/developpement-it/documentations/it/mk-docs/documentations_linux/docs_clone/02_LANGAGES/bash/bash-docu/del/condition_composite.md
Link not found: None in file /mnt/data-1T/data/developpement-it/documentations/it/mk-docs/documentations_linux/docs_clone/02_LANGAGES/bash/bash-docu/del/condition_composite.md
Link not found: None in file /mnt/data-1T/data/developpement-it/documentations/it/mk-docs/documentations_linux/docs_clone/02_LANGAGES/bash/bash-docu/del/condition_composite.md
Link not found: None in file /mnt/data-1T/data/developpement-it/documentations/it/mk-docs/documentations_linux/docs_clone/02_LANGAGES/bash/bash-docu/del/condition_composite.md
Link not found: None in file /mnt/data-1T/data/developpement-it/documentations/it/mk-docs/documentations_linux/docs_clone/02_LANGAGES/bash/bash-docu/del/condition_composite.md
Link not found: None in file /mnt/data-1T/data/developpement-it/documentations/it/mk-docs/documentations_linux/docs_clone/02_LANGAGES/bash/bash-docu/del/condition_composite.md
Link not found: None in file /mnt/data-1T/data/developpement-it/documentations/it/mk-docs/documentations_linux/docs_clone/02_LANGAGES/bash/bash-docu/del/opérateurs logiques.md
Link not found: None in file /mnt/data-1T/data/developpement-it/documentations/it/mk-docs/documentations_linux/docs_clone/02_LANGAGES/bash/bash-docu/del/opérateurs logiques.md
Link not found: None in file /mnt/data-1T/data/developpement-it/documentations/it/mk-docs/documentations_linux/docs_clone/02_LANGAGES/bash/bash-docu/del/opérateurs logiques.md
Link not found: None in file /mnt/data-1T/data/developpement-it/documentations/it/mk-docs/documentations_linux/docs_clone/02_LANGAGES/bash/bash-docu/del/structure_conditionelle.md
Link not found: None in file /mnt/data-1T/data/developpement-it/documentations/it/mk-docs/documentations_linux/docs_clone/02_LANGAGES/bash/bash-docu/del/structure_conditionelle.md
Link not found: None in file /mnt/data-1T/data/developpement-it/documentations/it/mk-docs/documentations_linux/docs_clone/02_LANGAGES/bash/bash-docu/del/tableaux.md
Link not found: None in file /mnt/data-1T/data/developpement-it/documentations/it/mk-docs/documentations_linux/docs_clone/02_LANGAGES/bash/exercices/chaines-operateurs.md
Link not found: None in file /mnt/data-1T/data/developpement-it/documentations/it/mk-docs/documentations_linux/docs_clone/02_LANGAGES/bash/exercices/chaines-operateurs.md
Link not found: None in file /mnt/data-1T/data/developpement-it/documentations/it/mk-docs/documentations_linux/docs_clone/02_LANGAGES/bash/exercices/chaines-operateurs.md
Link not found: None in file /mnt/data-1T/data/developpement-it/documentations/it/mk-docs/documentations_linux/docs_clone/02_LANGAGES/bash/exercices/chaines-operateurs.md
Link not found: None in file /mnt/data-1T/data/developpement-it/documentations/it/mk-docs/documentations_linux/docs_clone/02_LANGAGES/bash/exercices/chaines-operateurs.md
Link not found: None in file /mnt/data-1T/data/developpement-it/documentations/it/mk-docs/documentations_linux/docs_clone/02_LANGAGES/bash/exercices/chaines-operateurs.md
Link not found: None in file /mnt/data-1T/data/developpement-it/documentations/it/mk-docs/documentations_linux/docs_clone/03_PROJET/Informatique/ordinateur/bios.md
Link not found: None in file /mnt/data-1T/data/developpement-it/documentations/it/mk-docs/documentations_linux/docs_clone/03_PROJET/Informatique/ordinateur/bios.md
Link not found: None in file /mnt/data-1T/data/developpement-it/documentations/it/mk-docs/documentations_linux/docs_clone/03_PROJET/Informatique/ordinateur/bios.md
Link not found: None in file /mnt/data-1T/data/developpement-it/documentations/it/mk-docs/documentations_linux/docs_clone/03_PROJET/Informatique/ordinateur/bios.md
Link not found: None in file /mnt/data-1T/data/developpement-it/documentations/it/mk-docs/documentations_linux/docs_clone/03_PROJET/Informatique/ordinateur/bios.md
Link not found: None in file /mnt/data-1T/data/developpement-it/documentations/it/mk-docs/documentations_linux/docs_clone/03_PROJET/Informatique/ordinateur/bios.md
Link not found: None in file /mnt/data-1T/data/developpement-it/documentations/it/mk-docs/documentations_linux/docs_clone/03_PROJET/Informatique/ordinateur/IT-IO-Devices.md
Link not found: None in file /mnt/data-1T/data/developpement-it/documentations/it/mk-docs/documentations_linux/docs_clone/03_PROJET/Informatique/ordinateur/IT-IO-Devices.md
Link not found: None in file /mnt/data-1T/data/developpement-it/documentations/it/mk-docs/documentations_linux/docs_clone/03_PROJET/Informatique/ordinateur/IT-IO-Devices.md
Link not found: None in file /mnt/data-1T/data/developpement-it/documentations/it/mk-docs/documentations_linux/docs_clone/03_PROJET/Linux/overthewire/overTheWire-bandit4.md
Link not found: None in file /mnt/data-1T/data/developpement-it/documentations/it/mk-docs/documentations_linux/docs_clone/03_PROJET/Linux/overthewire/overTheWire-bandit4.md
Link not found: None in file /mnt/data-1T/data/developpement-it/documentations/it/mk-docs/documentations_linux/docs_clone/03_PROJET/Linux/overthewire/overTheWire-bandit4.md
Link not found: None in file /mnt/data-1T/data/developpement-it/documentations/it/mk-docs/documentations_linux/docs_clone/03_PROJET/Linux/overthewire/overTheWire-bandit4.md
Link not found: None in file /mnt/data-1T/data/developpement-it/documentations/it/mk-docs/documentations_linux/docs_clone/03_PROJET/Linux/overthewire/overTheWire-bandit4.md
Link not found: None in file /mnt/data-1T/data/developpement-it/documentations/it/mk-docs/documentations_linux/docs_clone/03_PROJET/Linux/overthewire/overTheWire-bandit4.md
Link not found: None in file /mnt/data-1T/data/developpement-it/documentations/it/mk-docs/documentations_linux/docs_clone/03_PROJET/Linux/scripting/expression.md
Link not found: None in file /mnt/data-1T/data/developpement-it/documentations/it/mk-docs/documentations_linux/docs_clone/03_PROJET/Linux/scripting/expression.md
Link not found: None in file /mnt/data-1T/data/developpement-it/documentations/it/mk-docs/documentations_linux/docs_clone/03_PROJET/Linux/scripting/expression.md
Link not found: None in file /mnt/data-1T/data/developpement-it/documentations/it/mk-docs/documentations_linux/docs_clone/03_PROJET/Linux/scripting/expression.md
Link not found: None in file /mnt/data-1T/data/developpement-it/documentations/it/mk-docs/documentations_linux/docs_clone/03_PROJET/Linux/scripting/expression.md
Link not found: None in file /mnt/data-1T/data/developpement-it/documentations/it/mk-docs/documentations_linux/docs_clone/03_PROJET/Linux/scripting/expression.md
Link not found: None in file /mnt/data-1T/data/developpement-it/documentations/it/mk-docs/documentations_linux/docs_clone/03_PROJET/Linux/scripting/expression.md
Link not found: None in file /mnt/data-1T/data/developpement-it/documentations/it/mk-docs/documentations_linux/docs_clone/03_PROJET/Linux/scripting/tp/TP-Scripting-bash-git.md
Link not found: None in file /mnt/data-1T/data/developpement-it/documentations/it/mk-docs/documentations_linux/docs_clone/03_PROJET/Linux/scripting/tp/TP-Scripting-bash-git.md
Link not found: None in file /mnt/data-1T/data/developpement-it/documentations/it/mk-docs/documentations_linux/docs_clone/03_PROJET/Linux/scripting/tp/TP-Scripting-bash-git.md
Link not found: None in file /mnt/data-1T/data/developpement-it/documentations/it/mk-docs/documentations_linux/docs_clone/03_PROJET/Linux/scripting/tp/TP-Scripting-bash-texte_1.md
Link not found: None in file /mnt/data-1T/data/developpement-it/documentations/it/mk-docs/documentations_linux/docs_clone/03_PROJET/Linux/scripting/tp/TP-Scripting-bash-texte_1.md
Link not found: None in file /mnt/data-1T/data/developpement-it/documentations/it/mk-docs/documentations_linux/docs_clone/03_PROJET/Linux/scripting/tp/TP-Scripting-bash-texte_1.md
Link not found: None in file /mnt/data-1T/data/developpement-it/documentations/it/mk-docs/documentations_linux/docs_clone/03_PROJET/Linux/scripting/tp/TP-Scripting-bash-texte_1.md
Link not found: None in file /mnt/data-1T/data/developpement-it/documentations/it/mk-docs/documentations_linux/docs_clone/03_PROJET/Linux/scripting/tp/TP-Scripting-bash-texte_1.md
Link not found: None in file /mnt/data-1T/data/developpement-it/documentations/it/mk-docs/documentations_linux/docs_clone/03_PROJET/Linux/vps-ovh/debian/installation-debian.md
Link not found: None in file /mnt/data-1T/data/developpement-it/documentations/it/mk-docs/documentations_linux/docs_clone/03_PROJET/Linux/vps-ovh/debian/installation-debian.md
Link not found: None in file /mnt/data-1T/data/developpement-it/documentations/it/mk-docs/documentations_linux/docs_clone/03_PROJET/Linux/vps-ovh/debian/installation-debian.md
Link not found: None in file /mnt/data-1T/data/developpement-it/documentations/it/mk-docs/documentations_linux/docs_clone/03_PROJET/Linux/vps-ovh/debian/installation-debian.md
Link not found: None in file /mnt/data-1T/data/developpement-it/documentations/it/mk-docs/documentations_linux/docs_clone/03_PROJET/Linux/vps-ovh/debian/installation-debian.md
Link not found: None in file /mnt/data-1T/data/developpement-it/documentations/it/mk-docs/documentations_linux/docs_clone/04_VIE-PERSO/emplois/tai/RNCP37681-EXAM.md
Link not found: None in file /mnt/data-1T/data/developpement-it/documentations/it/mk-docs/documentations_linux/docs_clone/04_VIE-PERSO/emplois/tai/RNCP37681-GPT-MIXTE.md
Link not found: None in file /mnt/data-1T/data/developpement-it/documentations/it/mk-docs/documentations_linux/docs_clone/04_VIE-PERSO/emplois/tai/RNCP37681-GPT-REF.md
Link not found: None in file /mnt/data-1T/data/developpement-it/documentations/it/mk-docs/documentations_linux/docs_clone/04_VIE-PERSO/emplois/tai/RNCP37681-GPT.md
Link not found: None in file /mnt/data-1T/data/developpement-it/documentations/it/mk-docs/documentations_linux/docs_clone/05_INFORMATIQUE/general/Inodes.md
Link not found: None in file /mnt/data-1T/data/developpement-it/documentations/it/mk-docs/documentations_linux/docs_clone/05_INFORMATIQUE/ordinateur/bios/clear-cmos.md
Link not found: None in file /mnt/data-1T/data/developpement-it/documentations/it/mk-docs/documentations_linux/docs_clone/05_INFORMATIQUE/ordinateur/bios/cmos.md
Link not found: None in file /mnt/data-1T/data/developpement-it/documentations/it/mk-docs/documentations_linux/docs_clone/05_INFORMATIQUE/ordinateur/it-process/IT-Process-Model.md
Link not found: None in file /mnt/data-1T/data/developpement-it/documentations/it/mk-docs/documentations_linux/docs_clone/05_INFORMATIQUE/ordinateur/it-process/IT-Process-Model.md
Link not found: None in file /mnt/data-1T/data/developpement-it/documentations/it/mk-docs/documentations_linux/docs_clone/05_INFORMATIQUE/ordinateur/it-process/IT-Process-Model.md
Link not found: None in file /mnt/data-1T/data/developpement-it/documentations/it/mk-docs/documentations_linux/docs_clone/05_INFORMATIQUE/ordinateur/it-process/IT-Process-Model.md
Link not found: None in file /mnt/data-1T/data/developpement-it/documentations/it/mk-docs/documentations_linux/docs_clone/05_INFORMATIQUE/ordinateur/it-process/IT-Process-Model.md
Link not found: None in file /mnt/data-1T/data/developpement-it/documentations/it/mk-docs/documentations_linux/docs_clone/05_INFORMATIQUE/ordinateur/it-process/IT-Process-Model.md
Link not found: None in file /mnt/data-1T/data/developpement-it/documentations/it/mk-docs/documentations_linux/docs_clone/05_INFORMATIQUE/shell-terminal/emulateur-terminal.md
Link not found: None in file /mnt/data-1T/data/developpement-it/documentations/it/mk-docs/documentations_linux/docs_clone/05_INFORMATIQUE/shell-terminal/interpreteur-de-commande.md
Link not found: None in file /mnt/data-1T/data/developpement-it/documentations/it/mk-docs/documentations_linux/docs_clone/05_INFORMATIQUE/shell-terminal/prompt.md
